[33mWARNING[0m:  [09-03-2025 22:18:09] chroma_server_nofile is not supported on Windows. chroma_server_nofile will not be set.
[32mINFO[0m:     [09-03-2025 22:18:11] Anonymized telemetry enabled. See                     https://docs.trychroma.com/telemetry for more information.
[36mDEBUG[0m:    [09-03-2025 22:18:11] Starting component System
[36mDEBUG[0m:    [09-03-2025 22:18:11] Starting component OpenTelemetryClient
[36mDEBUG[0m:    [09-03-2025 22:18:11] Starting component SqliteDB
[36mDEBUG[0m:    [09-03-2025 22:18:11] Starting component SimpleQuotaEnforcer
[36mDEBUG[0m:    [09-03-2025 22:18:11] Starting component Posthog
[36mDEBUG[0m:    [09-03-2025 22:18:11] Starting component SimpleRateLimitEnforcer
[36mDEBUG[0m:    [09-03-2025 22:18:11] Starting component LocalSegmentManager
[36mDEBUG[0m:    [09-03-2025 22:18:11] Starting component LocalExecutor
[36mDEBUG[0m:    [09-03-2025 22:18:11] Starting component SegmentAPI
[36mDEBUG[0m:    [09-03-2025 22:18:11] Starting component SimpleAsyncRateLimitEnforcer
[32mINFO[0m:     [09-03-2025 22:18:11] Started server process [[36m50212[0m]
[32mINFO[0m:     [09-03-2025 22:18:11] Waiting for application startup.
[32mINFO[0m:     [09-03-2025 22:18:11] Application startup complete.
[32mINFO[0m:     [09-03-2025 22:18:11] Uvicorn running on [1mhttp://localhost:8000[0m (Press CTRL+C to quit)
[32mINFO[0m:     [09-03-2025 22:19:15] ::1:53387 - "GET / HTTP/1.1" 404
[32mINFO[0m:     [09-03-2025 22:19:15] ::1:53387 - "GET /favicon.ico HTTP/1.1" 404
[32mINFO[0m:     [09-03-2025 22:19:27] Shutting down
[32mINFO[0m:     [09-03-2025 22:19:27] Waiting for application shutdown.
[36mDEBUG[0m:    [09-03-2025 22:19:27] Stopping component System
[36mDEBUG[0m:    [09-03-2025 22:19:27] Stopping component SegmentAPI
[36mDEBUG[0m:    [09-03-2025 22:19:27] Stopping component LocalExecutor
[36mDEBUG[0m:    [09-03-2025 22:19:27] Stopping component LocalSegmentManager
[36mDEBUG[0m:    [09-03-2025 22:19:27] Stopping component SimpleAsyncRateLimitEnforcer
[36mDEBUG[0m:    [09-03-2025 22:19:27] Stopping component SimpleRateLimitEnforcer
[36mDEBUG[0m:    [09-03-2025 22:19:27] Stopping component Posthog
[36mDEBUG[0m:    [09-03-2025 22:19:27] Stopping component SimpleQuotaEnforcer
[36mDEBUG[0m:    [09-03-2025 22:19:27] Stopping component SqliteDB
[36mDEBUG[0m:    [09-03-2025 22:19:27] Stopping component OpenTelemetryClient
[32mINFO[0m:     [09-03-2025 22:19:27] Application shutdown complete.
[32mINFO[0m:     [09-03-2025 22:19:27] Finished server process [[36m50212[0m]
[33mWARNING[0m:  [12-03-2025 17:14:24] chroma_server_nofile is not supported on Windows. chroma_server_nofile will not be set.
[32mINFO[0m:     [12-03-2025 17:14:25] Anonymized telemetry enabled. See                     https://docs.trychroma.com/telemetry for more information.
[36mDEBUG[0m:    [12-03-2025 17:14:25] Starting component System
[36mDEBUG[0m:    [12-03-2025 17:14:25] Starting component OpenTelemetryClient
[36mDEBUG[0m:    [12-03-2025 17:14:25] Starting component SqliteDB
[36mDEBUG[0m:    [12-03-2025 17:14:38] Starting component SimpleQuotaEnforcer
[36mDEBUG[0m:    [12-03-2025 17:14:38] Starting component Posthog
[36mDEBUG[0m:    [12-03-2025 17:14:38] Starting component SimpleRateLimitEnforcer
[36mDEBUG[0m:    [12-03-2025 17:14:38] Starting component LocalSegmentManager
[36mDEBUG[0m:    [12-03-2025 17:14:38] Starting component LocalExecutor
[36mDEBUG[0m:    [12-03-2025 17:14:38] Starting component SegmentAPI
[36mDEBUG[0m:    [12-03-2025 17:14:38] Starting component SimpleAsyncRateLimitEnforcer
[32mINFO[0m:     [12-03-2025 17:14:38] Started server process [[36m147144[0m]
[32mINFO[0m:     [12-03-2025 17:14:38] Waiting for application startup.
[32mINFO[0m:     [12-03-2025 17:14:38] Application startup complete.
[32mINFO[0m:     [12-03-2025 17:14:39] Uvicorn running on [1mhttp://localhost:8000[0m (Press CTRL+C to quit)
[32mINFO[0m:     [12-03-2025 17:14:41] ::1:53024 - "GET / HTTP/1.1" 404
[32mINFO[0m:     [12-03-2025 17:14:42] ::1:53024 - "GET /favicon.ico HTTP/1.1" 404
[32mINFO[0m:     [12-03-2025 17:19:02] ::1:53072 - "GET /api/v2/auth/identity HTTP/1.1" 200
[32mINFO[0m:     [12-03-2025 17:19:03] ::1:53073 - "GET /api/v2/tenants/default_tenant HTTP/1.1" 200
[32mINFO[0m:     [12-03-2025 17:19:03] ::1:53073 - "GET /api/v2/tenants/default_tenant/databases/default_database HTTP/1.1" 200
[32mINFO[0m:     [12-03-2025 17:19:04] ::1:53072 - "POST /api/v2/tenants/default_tenant/databases/default_database/collections HTTP/1.1" 200
[32mINFO[0m:     [12-03-2025 17:33:27] Shutting down
